12-Dec-2017 00:51:02.777 INFO [main] org.apache.catalina.startup.VersionLoggerListener.log Server version:        Apache Tomcat/8.5.24
12-Dec-2017 00:51:02.782 INFO [main] org.apache.catalina.startup.VersionLoggerListener.log Server built:          Nov 27 2017 13:05:30 UTC
12-Dec-2017 00:51:02.782 INFO [main] org.apache.catalina.startup.VersionLoggerListener.log Server number:         8.5.24.0
12-Dec-2017 00:51:02.782 INFO [main] org.apache.catalina.startup.VersionLoggerListener.log OS Name:               Mac OS X
12-Dec-2017 00:51:02.782 INFO [main] org.apache.catalina.startup.VersionLoggerListener.log OS Version:            10.13.1
12-Dec-2017 00:51:02.782 INFO [main] org.apache.catalina.startup.VersionLoggerListener.log Architecture:          x86_64
12-Dec-2017 00:51:02.782 INFO [main] org.apache.catalina.startup.VersionLoggerListener.log Java Home:             /Library/Java/JavaVirtualMachines/jdk1.8.0_144.jdk/Contents/Home/jre
12-Dec-2017 00:51:02.782 INFO [main] org.apache.catalina.startup.VersionLoggerListener.log JVM Version:           1.8.0_144-b01
12-Dec-2017 00:51:02.782 INFO [main] org.apache.catalina.startup.VersionLoggerListener.log JVM Vendor:            Oracle Corporation
12-Dec-2017 00:51:02.782 INFO [main] org.apache.catalina.startup.VersionLoggerListener.log CATALINA_BASE:         /Users/erichan/Desktop/CS249DistributedComputing/finalproject-happypatients/tomcat
12-Dec-2017 00:51:02.783 INFO [main] org.apache.catalina.startup.VersionLoggerListener.log CATALINA_HOME:         /Users/erichan/Desktop/CS249DistributedComputing/finalproject-happypatients/tomcat
12-Dec-2017 00:51:02.783 INFO [main] org.apache.catalina.startup.VersionLoggerListener.log Command line argument: -Djava.util.logging.config.file=/Users/erichan/Desktop/CS249DistributedComputing/finalproject-happypatients/tomcat/conf/logging.properties
12-Dec-2017 00:51:02.783 INFO [main] org.apache.catalina.startup.VersionLoggerListener.log Command line argument: -Djava.util.logging.manager=org.apache.juli.ClassLoaderLogManager
12-Dec-2017 00:51:02.784 INFO [main] org.apache.catalina.startup.VersionLoggerListener.log Command line argument: -Djdk.tls.ephemeralDHKeySize=2048
12-Dec-2017 00:51:02.784 INFO [main] org.apache.catalina.startup.VersionLoggerListener.log Command line argument: -Djava.protocol.handler.pkgs=org.apache.catalina.webresources
12-Dec-2017 00:51:02.784 INFO [main] org.apache.catalina.startup.VersionLoggerListener.log Command line argument: -Dignore.endorsed.dirs=
12-Dec-2017 00:51:02.784 INFO [main] org.apache.catalina.startup.VersionLoggerListener.log Command line argument: -Dcatalina.base=/Users/erichan/Desktop/CS249DistributedComputing/finalproject-happypatients/tomcat
12-Dec-2017 00:51:02.784 INFO [main] org.apache.catalina.startup.VersionLoggerListener.log Command line argument: -Dcatalina.home=/Users/erichan/Desktop/CS249DistributedComputing/finalproject-happypatients/tomcat
12-Dec-2017 00:51:02.784 INFO [main] org.apache.catalina.startup.VersionLoggerListener.log Command line argument: -Djava.io.tmpdir=/Users/erichan/Desktop/CS249DistributedComputing/finalproject-happypatients/tomcat/temp
12-Dec-2017 00:51:02.784 INFO [main] org.apache.catalina.core.AprLifecycleListener.lifecycleEvent The APR based Apache Tomcat Native library which allows optimal performance in production environments was not found on the java.library.path: [/Users/erichan/Library/Java/Extensions:/Library/Java/Extensions:/Network/Library/Java/Extensions:/System/Library/Java/Extensions:/usr/lib/java:.]
12-Dec-2017 00:51:02.889 INFO [main] org.apache.coyote.AbstractProtocol.init Initializing ProtocolHandler ["http-nio-8080"]
12-Dec-2017 00:51:02.911 INFO [main] org.apache.tomcat.util.net.NioSelectorPool.getSharedSelector Using a shared selector for servlet write/read
12-Dec-2017 00:51:02.917 INFO [main] org.apache.coyote.AbstractProtocol.init Initializing ProtocolHandler ["ajp-nio-8009"]
12-Dec-2017 00:51:02.918 INFO [main] org.apache.tomcat.util.net.NioSelectorPool.getSharedSelector Using a shared selector for servlet write/read
12-Dec-2017 00:51:02.918 INFO [main] org.apache.catalina.startup.Catalina.load Initialization processed in 434 ms
12-Dec-2017 00:51:02.947 INFO [main] org.apache.catalina.core.StandardService.startInternal Starting service [Catalina]
12-Dec-2017 00:51:02.947 INFO [main] org.apache.catalina.core.StandardEngine.startInternal Starting Servlet Engine: Apache Tomcat/8.5.24
12-Dec-2017 00:51:02.954 INFO [localhost-startStop-1] org.apache.catalina.startup.HostConfig.deployDescriptor Deploying configuration descriptor [/Users/erichan/Desktop/CS249DistributedComputing/finalproject-happypatients/tomcat/conf/Catalina/localhost/ROOT.xml]
12-Dec-2017 00:51:04.955 INFO [localhost-startStop-1] org.apache.jasper.servlet.TldScanner.scanJars At least one JAR was scanned for TLDs yet contained no TLDs. Enable debug logging for this logger for a complete list of JARs that were scanned but no TLDs were found in them. Skipping unneeded JARs during scanning can improve startup time and JSP compilation time.
12-Dec-2017 00:51:05.647 INFO [localhost-startStop-1] org.apache.catalina.startup.HostConfig.deployDescriptor Deployment of configuration descriptor [/Users/erichan/Desktop/CS249DistributedComputing/finalproject-happypatients/tomcat/conf/Catalina/localhost/ROOT.xml] has finished in [2,693] ms
12-Dec-2017 00:51:05.648 INFO [localhost-startStop-1] org.apache.catalina.startup.HostConfig.deployDirectory Deploying web application directory [/Users/erichan/Desktop/CS249DistributedComputing/finalproject-happypatients/tomcat/webapps/docs]
12-Dec-2017 00:51:05.657 INFO [localhost-startStop-1] org.apache.catalina.startup.HostConfig.deployDirectory Deployment of web application directory [/Users/erichan/Desktop/CS249DistributedComputing/finalproject-happypatients/tomcat/webapps/docs] has finished in [9] ms
12-Dec-2017 00:51:05.657 INFO [localhost-startStop-1] org.apache.catalina.startup.HostConfig.deployDirectory Deploying web application directory [/Users/erichan/Desktop/CS249DistributedComputing/finalproject-happypatients/tomcat/webapps/manager]
12-Dec-2017 00:51:05.677 INFO [localhost-startStop-1] org.apache.catalina.startup.HostConfig.deployDirectory Deployment of web application directory [/Users/erichan/Desktop/CS249DistributedComputing/finalproject-happypatients/tomcat/webapps/manager] has finished in [20] ms
12-Dec-2017 00:51:05.677 INFO [localhost-startStop-1] org.apache.catalina.startup.HostConfig.deployDirectory Deploying web application directory [/Users/erichan/Desktop/CS249DistributedComputing/finalproject-happypatients/tomcat/webapps/examples]
12-Dec-2017 00:51:05.899 INFO [localhost-startStop-1] org.apache.catalina.startup.HostConfig.deployDirectory Deployment of web application directory [/Users/erichan/Desktop/CS249DistributedComputing/finalproject-happypatients/tomcat/webapps/examples] has finished in [222] ms
12-Dec-2017 00:51:05.899 INFO [localhost-startStop-1] org.apache.catalina.startup.HostConfig.deployDirectory Deploying web application directory [/Users/erichan/Desktop/CS249DistributedComputing/finalproject-happypatients/tomcat/webapps/host-manager]
12-Dec-2017 00:51:05.912 INFO [localhost-startStop-1] org.apache.catalina.startup.HostConfig.deployDirectory Deployment of web application directory [/Users/erichan/Desktop/CS249DistributedComputing/finalproject-happypatients/tomcat/webapps/host-manager] has finished in [13] ms
12-Dec-2017 00:51:05.914 INFO [main] org.apache.coyote.AbstractProtocol.start Starting ProtocolHandler ["http-nio-8080"]
12-Dec-2017 00:51:05.919 INFO [main] org.apache.coyote.AbstractProtocol.start Starting ProtocolHandler ["ajp-nio-8009"]
12-Dec-2017 00:51:05.920 INFO [main] org.apache.catalina.startup.Catalina.start Server startup in 3001 ms
12-Dec-2017 00:51:18.554 INFO [http-nio-8080-exec-2] org.apache.coyote.http11.Http11Processor.service Error parsing HTTP request header
 Note: further occurrences of HTTP header parsing errors will be logged at DEBUG level.
 java.lang.IllegalArgumentException: Invalid character found in method name. HTTP method names must be tokens
	at org.apache.coyote.http11.Http11InputBuffer.parseRequestLine(Http11InputBuffer.java:426)
	at org.apache.coyote.http11.Http11Processor.service(Http11Processor.java:687)
	at org.apache.coyote.AbstractProcessorLight.process(AbstractProcessorLight.java:66)
	at org.apache.coyote.AbstractProtocol$ConnectionHandler.process(AbstractProtocol.java:790)
	at org.apache.tomcat.util.net.NioEndpoint$SocketProcessor.doRun(NioEndpoint.java:1459)
	at org.apache.tomcat.util.net.SocketProcessorBase.run(SocketProcessorBase.java:49)
	at java.util.concurrent.ThreadPoolExecutor.runWorker(ThreadPoolExecutor.java:1149)
	at java.util.concurrent.ThreadPoolExecutor$Worker.run(ThreadPoolExecutor.java:624)
	at org.apache.tomcat.util.threads.TaskThread$WrappingRunnable.run(TaskThread.java:61)
	at java.lang.Thread.run(Thread.java:748)

