07-Dec-2017 15:59:56.020 INFO [main] org.apache.catalina.startup.VersionLoggerListener.log Server version:        Apache Tomcat/8.5.24
07-Dec-2017 15:59:56.028 INFO [main] org.apache.catalina.startup.VersionLoggerListener.log Server built:          Nov 27 2017 13:05:30 UTC
07-Dec-2017 15:59:56.028 INFO [main] org.apache.catalina.startup.VersionLoggerListener.log Server number:         8.5.24.0
07-Dec-2017 15:59:56.028 INFO [main] org.apache.catalina.startup.VersionLoggerListener.log OS Name:               Mac OS X
07-Dec-2017 15:59:56.028 INFO [main] org.apache.catalina.startup.VersionLoggerListener.log OS Version:            10.13.1
07-Dec-2017 15:59:56.028 INFO [main] org.apache.catalina.startup.VersionLoggerListener.log Architecture:          x86_64
07-Dec-2017 15:59:56.028 INFO [main] org.apache.catalina.startup.VersionLoggerListener.log Java Home:             /Library/Java/JavaVirtualMachines/jdk1.8.0_144.jdk/Contents/Home/jre
07-Dec-2017 15:59:56.028 INFO [main] org.apache.catalina.startup.VersionLoggerListener.log JVM Version:           1.8.0_144-b01
07-Dec-2017 15:59:56.029 INFO [main] org.apache.catalina.startup.VersionLoggerListener.log JVM Vendor:            Oracle Corporation
07-Dec-2017 15:59:56.029 INFO [main] org.apache.catalina.startup.VersionLoggerListener.log CATALINA_BASE:         /Users/erichan/Downloads/apache-tomcat-8.5.24
07-Dec-2017 15:59:56.029 INFO [main] org.apache.catalina.startup.VersionLoggerListener.log CATALINA_HOME:         /Users/erichan/Downloads/apache-tomcat-8.5.24
07-Dec-2017 15:59:56.029 INFO [main] org.apache.catalina.startup.VersionLoggerListener.log Command line argument: -Djava.util.logging.config.file=/Users/erichan/Downloads/apache-tomcat-8.5.24/conf/logging.properties
07-Dec-2017 15:59:56.029 INFO [main] org.apache.catalina.startup.VersionLoggerListener.log Command line argument: -Djava.util.logging.manager=org.apache.juli.ClassLoaderLogManager
07-Dec-2017 15:59:56.029 INFO [main] org.apache.catalina.startup.VersionLoggerListener.log Command line argument: -Djdk.tls.ephemeralDHKeySize=2048
07-Dec-2017 15:59:56.029 INFO [main] org.apache.catalina.startup.VersionLoggerListener.log Command line argument: -Djava.protocol.handler.pkgs=org.apache.catalina.webresources
07-Dec-2017 15:59:56.029 INFO [main] org.apache.catalina.startup.VersionLoggerListener.log Command line argument: -Dignore.endorsed.dirs=
07-Dec-2017 15:59:56.030 INFO [main] org.apache.catalina.startup.VersionLoggerListener.log Command line argument: -Dcatalina.base=/Users/erichan/Downloads/apache-tomcat-8.5.24
07-Dec-2017 15:59:56.030 INFO [main] org.apache.catalina.startup.VersionLoggerListener.log Command line argument: -Dcatalina.home=/Users/erichan/Downloads/apache-tomcat-8.5.24
07-Dec-2017 15:59:56.030 INFO [main] org.apache.catalina.startup.VersionLoggerListener.log Command line argument: -Djava.io.tmpdir=/Users/erichan/Downloads/apache-tomcat-8.5.24/temp
07-Dec-2017 15:59:56.030 INFO [main] org.apache.catalina.core.AprLifecycleListener.lifecycleEvent The APR based Apache Tomcat Native library which allows optimal performance in production environments was not found on the java.library.path: [/Users/erichan/Library/Java/Extensions:/Library/Java/Extensions:/Network/Library/Java/Extensions:/System/Library/Java/Extensions:/usr/lib/java:.]
07-Dec-2017 15:59:56.148 INFO [main] org.apache.coyote.AbstractProtocol.init Initializing ProtocolHandler ["http-nio-8080"]
07-Dec-2017 15:59:56.170 INFO [main] org.apache.tomcat.util.net.NioSelectorPool.getSharedSelector Using a shared selector for servlet write/read
07-Dec-2017 15:59:56.176 INFO [main] org.apache.coyote.AbstractProtocol.init Initializing ProtocolHandler ["ajp-nio-8009"]
07-Dec-2017 15:59:56.177 INFO [main] org.apache.tomcat.util.net.NioSelectorPool.getSharedSelector Using a shared selector for servlet write/read
07-Dec-2017 15:59:56.177 INFO [main] org.apache.catalina.startup.Catalina.load Initialization processed in 457 ms
07-Dec-2017 15:59:56.203 INFO [main] org.apache.catalina.core.StandardService.startInternal Starting service [Catalina]
07-Dec-2017 15:59:56.203 INFO [main] org.apache.catalina.core.StandardEngine.startInternal Starting Servlet Engine: Apache Tomcat/8.5.24
07-Dec-2017 15:59:56.211 INFO [localhost-startStop-1] org.apache.catalina.startup.HostConfig.deployDescriptor Deploying configuration descriptor [/Users/erichan/Downloads/apache-tomcat-8.5.24/conf/Catalina/localhost/ROOT.xml]
07-Dec-2017 15:59:58.452 INFO [localhost-startStop-1] org.apache.jasper.servlet.TldScanner.scanJars At least one JAR was scanned for TLDs yet contained no TLDs. Enable debug logging for this logger for a complete list of JARs that were scanned but no TLDs were found in them. Skipping unneeded JARs during scanning can improve startup time and JSP compilation time.
07-Dec-2017 15:59:59.225 INFO [localhost-startStop-1] org.apache.catalina.startup.HostConfig.deployDescriptor Deployment of configuration descriptor [/Users/erichan/Downloads/apache-tomcat-8.5.24/conf/Catalina/localhost/ROOT.xml] has finished in [3,014] ms
07-Dec-2017 15:59:59.249 INFO [localhost-startStop-1] org.apache.catalina.startup.HostConfig.deployDirectory Deploying web application directory [/Users/erichan/Downloads/apache-tomcat-8.5.24/webapps/docs]
07-Dec-2017 15:59:59.258 INFO [localhost-startStop-1] org.apache.catalina.startup.HostConfig.deployDirectory Deployment of web application directory [/Users/erichan/Downloads/apache-tomcat-8.5.24/webapps/docs] has finished in [10] ms
07-Dec-2017 15:59:59.258 INFO [localhost-startStop-1] org.apache.catalina.startup.HostConfig.deployDirectory Deploying web application directory [/Users/erichan/Downloads/apache-tomcat-8.5.24/webapps/manager]
07-Dec-2017 15:59:59.278 INFO [localhost-startStop-1] org.apache.catalina.startup.HostConfig.deployDirectory Deployment of web application directory [/Users/erichan/Downloads/apache-tomcat-8.5.24/webapps/manager] has finished in [20] ms
07-Dec-2017 15:59:59.278 INFO [localhost-startStop-1] org.apache.catalina.startup.HostConfig.deployDirectory Deploying web application directory [/Users/erichan/Downloads/apache-tomcat-8.5.24/webapps/examples]
07-Dec-2017 15:59:59.482 INFO [localhost-startStop-1] org.apache.catalina.startup.HostConfig.deployDirectory Deployment of web application directory [/Users/erichan/Downloads/apache-tomcat-8.5.24/webapps/examples] has finished in [204] ms
07-Dec-2017 15:59:59.482 INFO [localhost-startStop-1] org.apache.catalina.startup.HostConfig.deployDirectory Deploying web application directory [/Users/erichan/Downloads/apache-tomcat-8.5.24/webapps/host-manager]
07-Dec-2017 15:59:59.492 INFO [localhost-startStop-1] org.apache.catalina.startup.HostConfig.deployDirectory Deployment of web application directory [/Users/erichan/Downloads/apache-tomcat-8.5.24/webapps/host-manager] has finished in [10] ms
07-Dec-2017 15:59:59.494 INFO [main] org.apache.coyote.AbstractProtocol.start Starting ProtocolHandler ["http-nio-8080"]
07-Dec-2017 15:59:59.499 INFO [main] org.apache.coyote.AbstractProtocol.start Starting ProtocolHandler ["ajp-nio-8009"]
07-Dec-2017 15:59:59.500 INFO [main] org.apache.catalina.startup.Catalina.start Server startup in 3322 ms
07-Dec-2017 16:01:57.637 INFO [ContainerBackgroundProcessor[StandardEngine[Catalina]]] org.apache.catalina.core.StandardContext.reload Reloading Context with name [] has started
07-Dec-2017 16:01:59.613 INFO [ContainerBackgroundProcessor[StandardEngine[Catalina]]] org.apache.catalina.core.StandardContext.reload Reloading Context with name [] is completed
07-Dec-2017 16:02:09.910 INFO [ContainerBackgroundProcessor[StandardEngine[Catalina]]] org.apache.catalina.core.StandardContext.reload Reloading Context with name [] has started
07-Dec-2017 16:02:11.787 INFO [ContainerBackgroundProcessor[StandardEngine[Catalina]]] org.apache.catalina.core.StandardContext.reload Reloading Context with name [] is completed
07-Dec-2017 16:02:54.325 INFO [ContainerBackgroundProcessor[StandardEngine[Catalina]]] org.apache.catalina.core.StandardContext.reload Reloading Context with name [] has started
07-Dec-2017 16:02:56.422 INFO [ContainerBackgroundProcessor[StandardEngine[Catalina]]] org.apache.catalina.core.StandardContext.reload Reloading Context with name [] is completed
07-Dec-2017 16:03:38.981 INFO [ContainerBackgroundProcessor[StandardEngine[Catalina]]] org.apache.catalina.core.StandardContext.reload Reloading Context with name [] has started
07-Dec-2017 16:03:40.601 INFO [ContainerBackgroundProcessor[StandardEngine[Catalina]]] org.apache.catalina.core.StandardContext.reload Reloading Context with name [] is completed
07-Dec-2017 16:21:43.410 INFO [ContainerBackgroundProcessor[StandardEngine[Catalina]]] org.apache.catalina.core.StandardContext.reload Reloading Context with name [] has started
07-Dec-2017 16:21:45.086 INFO [ContainerBackgroundProcessor[StandardEngine[Catalina]]] org.apache.catalina.core.StandardContext.reload Reloading Context with name [] is completed
07-Dec-2017 17:42:37.988 INFO [ContainerBackgroundProcessor[StandardEngine[Catalina]]] org.apache.catalina.core.StandardContext.reload Reloading Context with name [] has started
07-Dec-2017 17:42:39.875 INFO [ContainerBackgroundProcessor[StandardEngine[Catalina]]] org.apache.catalina.core.StandardContext.reload Reloading Context with name [] is completed
07-Dec-2017 17:42:50.196 INFO [ContainerBackgroundProcessor[StandardEngine[Catalina]]] org.apache.catalina.core.StandardContext.reload Reloading Context with name [] has started
07-Dec-2017 17:42:52.208 INFO [ContainerBackgroundProcessor[StandardEngine[Catalina]]] org.apache.catalina.core.StandardContext.reload Reloading Context with name [] is completed
07-Dec-2017 17:44:39.531 INFO [ContainerBackgroundProcessor[StandardEngine[Catalina]]] org.apache.catalina.core.StandardContext.reload Reloading Context with name [] has started
07-Dec-2017 17:44:41.524 INFO [ContainerBackgroundProcessor[StandardEngine[Catalina]]] org.apache.catalina.core.StandardContext.reload Reloading Context with name [] is completed
07-Dec-2017 17:46:07.322 INFO [ContainerBackgroundProcessor[StandardEngine[Catalina]]] org.apache.catalina.core.StandardContext.reload Reloading Context with name [] has started
07-Dec-2017 17:46:09.183 INFO [ContainerBackgroundProcessor[StandardEngine[Catalina]]] org.apache.catalina.core.StandardContext.reload Reloading Context with name [] is completed
07-Dec-2017 21:20:34.364 INFO [ContainerBackgroundProcessor[StandardEngine[Catalina]]] org.apache.catalina.core.StandardContext.reload Reloading Context with name [] has started
07-Dec-2017 21:20:36.690 INFO [ContainerBackgroundProcessor[StandardEngine[Catalina]]] org.apache.catalina.core.StandardContext.reload Reloading Context with name [] is completed
