2017-11-27 12:40:32 INFO  GuavaCompatibility:132 - Detected Guava >= 19 in the classpath, using modern compatibility layer
2017-11-27 12:40:32 DEBUG SystemProperties:32 - com.datastax.driver.NEW_NODE_DELAY_SECONDS is undefined, using default value 1
2017-11-27 12:40:32 DEBUG SystemProperties:32 - com.datastax.driver.NOTIF_LOCK_TIMEOUT_SECONDS is undefined, using default value 60
2017-11-27 12:40:32 DEBUG SystemProperties:48 - com.datastax.driver.USE_NATIVE_CLOCK is undefined, using default value true
2017-11-27 12:40:32 INFO  ClockFactory:52 - Using native clock to generate timestamps.
2017-11-27 12:40:32 DEBUG SystemProperties:32 - com.datastax.driver.NON_BLOCKING_EXECUTOR_SIZE is undefined, using default value 8
2017-11-27 12:40:32 DEBUG Cluster:1416 - Starting new cluster with contact points [/127.0.0.1:9042]
2017-11-27 12:40:32 DEBUG InternalLoggerFactory:71 - Using SLF4J as the default logging framework
2017-11-27 12:40:32 DEBUG PlatformDependent0:76 - -Dio.netty.noUnsafe: false
2017-11-27 12:40:32 DEBUG PlatformDependent0:71 - sun.misc.Unsafe.theUnsafe: available
2017-11-27 12:40:32 DEBUG PlatformDependent0:71 - sun.misc.Unsafe.copyMemory: available
2017-11-27 12:40:32 DEBUG PlatformDependent0:71 - java.nio.Buffer.address: available
2017-11-27 12:40:32 DEBUG PlatformDependent0:71 - direct buffer constructor: available
2017-11-27 12:40:32 DEBUG PlatformDependent0:76 - java.nio.Bits.unaligned: available, true
2017-11-27 12:40:33 DEBUG PlatformDependent0:91 - jdk.internal.misc.Unsafe.allocateUninitializedArray(int): unavailable
java.lang.ClassNotFoundException: jdk.internal.misc.Unsafe
	at java.net.URLClassLoader.findClass(URLClassLoader.java:381)
	at java.lang.ClassLoader.loadClass(ClassLoader.java:424)
	at sun.misc.Launcher$AppClassLoader.loadClass(Launcher.java:335)
	at java.lang.ClassLoader.loadClass(ClassLoader.java:357)
	at io.netty.util.internal.PlatformDependent0$6.run(PlatformDependent0.java:290)
	at java.security.AccessController.doPrivileged(Native Method)
	at io.netty.util.internal.PlatformDependent0.<clinit>(PlatformDependent0.java:283)
	at io.netty.util.internal.PlatformDependent.getSystemClassLoader(PlatformDependent.java:641)
	at io.netty.util.internal.PlatformDependent.isAndroid0(PlatformDependent.java:665)
	at io.netty.util.internal.PlatformDependent.<clinit>(PlatformDependent.java:65)
	at io.netty.util.Signal.<clinit>(Signal.java:31)
	at io.netty.util.concurrent.DefaultPromise.<clinit>(DefaultPromise.java:43)
	at io.netty.util.concurrent.GlobalEventExecutor.<init>(GlobalEventExecutor.java:44)
	at io.netty.util.concurrent.GlobalEventExecutor.<clinit>(GlobalEventExecutor.java:41)
	at com.datastax.driver.core.Connection$Factory.<init>(Connection.java:752)
	at com.datastax.driver.core.Cluster$Manager.init(Cluster.java:1446)
	at com.datastax.driver.core.Cluster.init(Cluster.java:159)
	at com.datastax.driver.core.Cluster.connectAsync(Cluster.java:330)
	at com.datastax.driver.core.Cluster.connectAsync(Cluster.java:305)
	at com.datastax.driver.core.Cluster.connect(Cluster.java:247)
	at com.sjsu.cs249.Cassandra.CassandraConnector.connect(CassandraConnector.java:30)
	at com.sjsu.cs249.Cassandra.CassandraInitializer.main(CassandraInitializer.java:13)
2017-11-27 12:40:33 DEBUG PlatformDependent0:76 - java.nio.DirectByteBuffer.<init>(long, int): available
2017-11-27 12:40:33 DEBUG PlatformDependent:76 - Java version: 8
2017-11-27 12:40:33 DEBUG PlatformDependent:76 - sun.misc.Unsafe: available
2017-11-27 12:40:33 DEBUG PlatformDependent:76 - -Dio.netty.tmpdir: /var/folders/r6/ghh3_v4j1l38k956j0wwlkdh0000gn/T (java.io.tmpdir)
2017-11-27 12:40:33 DEBUG PlatformDependent:76 - -Dio.netty.bitMode: 64 (sun.arch.data.model)
2017-11-27 12:40:33 DEBUG PlatformDependent:76 - -Dio.netty.noPreferDirect: false
2017-11-27 12:40:33 DEBUG PlatformDependent:76 - -Dio.netty.maxDirectMemory: 3817865216 bytes
2017-11-27 12:40:33 DEBUG PlatformDependent:76 - -Dio.netty.uninitializedArrayAllocationThreshold: -1
2017-11-27 12:40:33 DEBUG CleanerJava6:71 - java.nio.ByteBuffer.cleaner(): available
2017-11-27 12:40:33 DEBUG SystemProperties:48 - com.datastax.driver.FORCE_NIO is undefined, using default value false
2017-11-27 12:40:33 INFO  NettyUtil:83 - Did not find Netty's native epoll transport in the classpath, defaulting to NIO.
2017-11-27 12:40:33 DEBUG MultithreadEventLoopGroup:76 - -Dio.netty.eventLoopThreads: 16
2017-11-27 12:40:33 DEBUG NioEventLoop:76 - -Dio.netty.noKeySetOptimization: false
2017-11-27 12:40:33 DEBUG NioEventLoop:76 - -Dio.netty.selectorAutoRebuildThreshold: 512
2017-11-27 12:40:33 DEBUG PlatformDependent:71 - org.jctools-core.MpscChunkedArrayQueue: available
2017-11-27 12:40:33 DEBUG ResourceLeakDetector:81 - -Dio.netty.leakDetection.level: simple
2017-11-27 12:40:33 DEBUG ResourceLeakDetector:81 - -Dio.netty.leakDetection.maxRecords: 4
2017-11-27 12:40:33 DEBUG ResourceLeakDetectorFactory:76 - Loaded default ResourceLeakDetector: io.netty.util.ResourceLeakDetector@358ee631
2017-11-27 12:40:33 DEBUG SystemProperties:48 - com.datastax.driver.EXTENDED_PEER_CHECK is undefined, using default value true
2017-11-27 12:40:33 DEBUG STATES:88 - [/127.0.0.1:9042] preparing to open 1 new connections, total = 1
2017-11-27 12:40:33 DEBUG SystemProperties:48 - com.datastax.driver.DISABLE_COALESCING is undefined, using default value false
2017-11-27 12:40:33 DEBUG PooledByteBufAllocator:76 - -Dio.netty.allocator.numHeapArenas: 16
2017-11-27 12:40:33 DEBUG PooledByteBufAllocator:76 - -Dio.netty.allocator.numDirectArenas: 16
2017-11-27 12:40:33 DEBUG PooledByteBufAllocator:76 - -Dio.netty.allocator.pageSize: 8192
2017-11-27 12:40:33 DEBUG PooledByteBufAllocator:76 - -Dio.netty.allocator.maxOrder: 11
2017-11-27 12:40:33 DEBUG PooledByteBufAllocator:76 - -Dio.netty.allocator.chunkSize: 16777216
2017-11-27 12:40:33 DEBUG PooledByteBufAllocator:76 - -Dio.netty.allocator.tinyCacheSize: 512
2017-11-27 12:40:33 DEBUG PooledByteBufAllocator:76 - -Dio.netty.allocator.smallCacheSize: 256
2017-11-27 12:40:33 DEBUG PooledByteBufAllocator:76 - -Dio.netty.allocator.normalCacheSize: 64
2017-11-27 12:40:33 DEBUG PooledByteBufAllocator:76 - -Dio.netty.allocator.maxCachedBufferCapacity: 32768
2017-11-27 12:40:33 DEBUG PooledByteBufAllocator:76 - -Dio.netty.allocator.cacheTrimInterval: 8192
2017-11-27 12:40:33 DEBUG PooledByteBufAllocator:76 - -Dio.netty.allocator.useCacheForAllThreads: true
2017-11-27 12:40:33 DEBUG ByteBufUtil:76 - -Dio.netty.allocator.type: unpooled
2017-11-27 12:40:33 DEBUG ByteBufUtil:76 - -Dio.netty.threadLocalDirectBufferSize: 65536
2017-11-27 12:40:33 DEBUG ByteBufUtil:76 - -Dio.netty.maxThreadLocalCharBufferSize: 16384
2017-11-27 12:40:33 DEBUG Connection:167 - Connection[/127.0.0.1:9042-1, inFlight=0, closed=false] Connection established, initializing transport
2017-11-27 12:40:33 DEBUG Recycler:76 - -Dio.netty.recycler.maxCapacity.default: 32768
2017-11-27 12:40:33 DEBUG Recycler:76 - -Dio.netty.recycler.maxSharedCapacityFactor: 2
2017-11-27 12:40:33 DEBUG Recycler:76 - -Dio.netty.recycler.linkCapacity: 16
2017-11-27 12:40:33 DEBUG Recycler:76 - -Dio.netty.recycler.ratio: 8
2017-11-27 12:40:33 DEBUG AbstractByteBuf:81 - -Dio.netty.buffer.bytebuf.checkAccessible: true
2017-11-27 12:40:33 DEBUG ResourceLeakDetectorFactory:76 - Loaded default ResourceLeakDetector: io.netty.util.ResourceLeakDetector@2a8565ca
2017-11-27 12:40:33 DEBUG SystemProperties:32 - com.datastax.driver.NATIVE_TRANSPORT_MAX_FRAME_SIZE_IN_MB is undefined, using default value 256
2017-11-27 12:40:33 DEBUG STATES:318 - [/127.0.0.1:9042] Connection[/127.0.0.1:9042-1, inFlight=0, closed=false] Transport initialized, connection ready
2017-11-27 12:40:33 DEBUG ControlConnection:536 - [Control connection] Refreshing node list and token map
2017-11-27 12:40:33 DEBUG ControlConnection:275 - [Control connection] Refreshing schema
2017-11-27 12:40:33 DEBUG STATES:183 - [Control connection] established to /127.0.0.1:9042
2017-11-27 12:40:33 INFO  DCAwareRoundRobinPolicy:95 - Using data-center name 'datacenter1' for DCAwareRoundRobinPolicy (if this is incorrect, please provide the correct datacenter name with DCAwareRoundRobinPolicy constructor)
2017-11-27 12:40:33 INFO  Cluster:1568 - New Cassandra host /127.0.0.1:9042 added
2017-11-27 12:40:33 DEBUG SystemProperties:48 - com.datastax.driver.CHECK_IO_DEADLOCKS is undefined, using default value true
2017-11-27 12:40:33 DEBUG STATES:88 - [/127.0.0.1:9042] preparing to open 1 new connections, total = 2
2017-11-27 12:40:33 DEBUG Connection:167 - Connection[/127.0.0.1:9042-2, inFlight=0, closed=false] Connection established, initializing transport
2017-11-27 12:40:33 DEBUG STATES:318 - [/127.0.0.1:9042] Connection[/127.0.0.1:9042-2, inFlight=0, closed=false] Transport initialized, connection ready
2017-11-27 12:40:33 DEBUG HostConnectionPool:152 - Created connection pool to host /127.0.0.1:9042 (1 connections needed, 1 successfully opened)
2017-11-27 12:40:33 DEBUG Session:364 - Added connection pool for /127.0.0.1:9042
2017-11-27 12:40:33 DEBUG STATES:88 - [/127.0.0.1:9042] preparing to open 1 new connections, total = 3
2017-11-27 12:40:33 DEBUG Connection:167 - Connection[/127.0.0.1:9042-3, inFlight=0, closed=false] Connection established, initializing transport
2017-11-27 12:40:33 DEBUG STATES:318 - [/127.0.0.1:9042] Connection[/127.0.0.1:9042-3, inFlight=0, closed=false] Transport initialized, connection ready
2017-11-27 12:40:33 DEBUG HostConnectionPool:152 - Created connection pool to host /127.0.0.1:9042 (1 connections needed, 1 successfully opened)
2017-11-27 12:40:33 DEBUG Session:364 - Added connection pool for /127.0.0.1:9042
2017-11-27 12:40:33 DEBUG Connection:518 - Connection[/127.0.0.1:9042-3, inFlight=1, closed=false] Setting keyspace hospitalops
2017-11-27 12:40:33 DEBUG Connection:526 - Connection[/127.0.0.1:9042-3, inFlight=1, closed=false] Keyspace set to hospitalops
2017-11-27 12:40:39 INFO  UUIDs:156 - PID obtained through native call to getpid(): 5310
2017-11-27 12:40:39 DEBUG PatientPersonalInfo:53 - Query: 
2017-11-27 12:40:39 DEBUG PatientPersonalInfo:54 - UPDATE PatientPersonalInfo SET firstName='Arnold' WHERE id=3a665080-d3b3-11e7-8107-914bad2a4a75 IF EXISTS;
2017-11-27 12:40:39 DEBUG Connection:690 - Connection[/127.0.0.1:9042-3, inFlight=0, closed=true] closing connection
2017-11-27 12:40:39 DEBUG STATES:96 - [/127.0.0.1:9042] Connection[/127.0.0.1:9042-3, inFlight=0, closed=true] closed, remaining = 2
2017-11-27 12:40:39 DEBUG Cluster:1673 - Shutting down
2017-11-27 12:40:39 DEBUG Connection:690 - Connection[/127.0.0.1:9042-1, inFlight=0, closed=true] closing connection
2017-11-27 12:40:39 DEBUG STATES:96 - [/127.0.0.1:9042] Connection[/127.0.0.1:9042-1, inFlight=0, closed=true] closed, remaining = 1
2017-11-27 12:40:39 DEBUG Connection:690 - Connection[/127.0.0.1:9042-2, inFlight=0, closed=true] closing connection
2017-11-27 12:40:39 DEBUG STATES:96 - [/127.0.0.1:9042] Connection[/127.0.0.1:9042-2, inFlight=0, closed=true] closed, remaining = 0
2017-11-27 12:40:41 DEBUG PoolThreadCache:81 - Freed 27 thread-local buffer(s) from thread: cluster1-nio-worker-0
2017-11-27 12:40:41 DEBUG PoolThreadCache:81 - Freed 12 thread-local buffer(s) from thread: cluster1-nio-worker-4
2017-11-27 12:40:41 DEBUG PoolThreadCache:81 - Freed 4 thread-local buffer(s) from thread: cluster1-nio-worker-2
2017-11-27 15:13:01 ERROR MessageBroker:27 - Sending JMS message failed: Need to specify class name in environment or system property, or as an applet parameter, or in an application resource file:  java.naming.factory.initial
javax.naming.NoInitialContextException: Need to specify class name in environment or system property, or as an applet parameter, or in an application resource file:  java.naming.factory.initial
	at javax.naming.spi.NamingManager.getInitialContext(NamingManager.java:662)
	at javax.naming.InitialContext.getDefaultInitCtx(InitialContext.java:313)
	at javax.naming.InitialContext.getURLOrDefaultInitCtx(InitialContext.java:350)
	at javax.naming.InitialContext.lookup(InitialContext.java:417)
	at com.sjsu.cs249.services.MessageBroker.sendMessage(MessageBroker.java:16)
	at com.sjsu.cs249.Cassandra.CassandraInitializer.main(CassandraInitializer.java:36)
2017-11-27 15:13:01 ERROR MessageBroker:57 - Receiving messages failed: Need to specify class name in environment or system property, or as an applet parameter, or in an application resource file:  java.naming.factory.initial
javax.naming.NoInitialContextException: Need to specify class name in environment or system property, or as an applet parameter, or in an application resource file:  java.naming.factory.initial
	at javax.naming.spi.NamingManager.getInitialContext(NamingManager.java:662)
	at javax.naming.InitialContext.getDefaultInitCtx(InitialContext.java:313)
	at javax.naming.InitialContext.getURLOrDefaultInitCtx(InitialContext.java:350)
	at javax.naming.InitialContext.lookup(InitialContext.java:417)
	at com.sjsu.cs249.services.MessageBroker.receiveMessages(MessageBroker.java:36)
	at com.sjsu.cs249.Cassandra.CassandraInitializer.main(CassandraInitializer.java:38)
2017-12-03 17:52:58 DEBUG PatientPersonalInfo:51 - Query: 
2017-12-03 17:52:58 DEBUG PatientPersonalInfo:52 - UPDATE PatientPersonalInfo SET firstName='Arnold' WHERE id=da4214e0-d895-11e7-a454-1979bc77edae IF EXISTS;
2017-12-03 17:52:58 DEBUG PatientPersonalInfo:51 - Query: 
2017-12-03 17:52:58 DEBUG PatientPersonalInfo:52 - UPDATE PatientPersonalInfo SET firstName='Miranda' WHERE id=da426300-d895-11e7-a454-1979bc77edae IF EXISTS;
2017-12-03 17:58:07 DEBUG PatientPersonalInfo:51 - Query: 
2017-12-03 17:58:07 DEBUG PatientPersonalInfo:52 - UPDATE PatientPersonalInfo SET firstName='Arnold' WHERE id=929d3600-d896-11e7-86de-079dc482d378 IF EXISTS;
2017-12-03 17:58:07 DEBUG PatientPersonalInfo:51 - Query: 
2017-12-03 17:58:07 DEBUG PatientPersonalInfo:52 - UPDATE PatientPersonalInfo SET firstName='Miranda' WHERE id=929d8420-d896-11e7-86de-079dc482d378 IF EXISTS;
2017-12-03 18:04:11 DEBUG PatientPersonalInfo:51 - Query: 
2017-12-03 18:04:11 DEBUG PatientPersonalInfo:52 - UPDATE PatientPersonalInfo SET firstName='Arnold' WHERE id=6b843fe0-d897-11e7-bd6e-b12d1e9f7180 IF EXISTS;
2017-12-03 18:04:11 DEBUG PatientPersonalInfo:51 - Query: 
2017-12-03 18:04:11 DEBUG PatientPersonalInfo:52 - UPDATE PatientPersonalInfo SET firstName='Miranda' WHERE id=6b8466f0-d897-11e7-bd6e-b12d1e9f7180 IF EXISTS;
2017-12-03 18:18:17 DEBUG PatientPersonalInfo:51 - Query: 
2017-12-03 18:18:17 DEBUG PatientPersonalInfo:52 - UPDATE PatientPersonalInfo SET firstName='Arnold' WHERE id=63fb50e0-d899-11e7-bba3-4d54029d6417 IF EXISTS;
2017-12-03 18:18:17 DEBUG PatientPersonalInfo:51 - Query: 
2017-12-03 18:18:17 DEBUG PatientPersonalInfo:52 - UPDATE PatientPersonalInfo SET firstName='Miranda' WHERE id=63fb9f00-d899-11e7-bba3-4d54029d6417 IF EXISTS;
2017-12-03 18:19:24 DEBUG PatientPersonalInfo:51 - Query: 
2017-12-03 18:19:24 DEBUG PatientPersonalInfo:52 - UPDATE PatientPersonalInfo SET firstName='Arnold' WHERE id=8c089ca0-d899-11e7-91b3-01ec7689dc38 IF EXISTS;
2017-12-03 18:19:24 DEBUG PatientPersonalInfo:51 - Query: 
2017-12-03 18:19:24 DEBUG PatientPersonalInfo:52 - UPDATE PatientPersonalInfo SET firstName='Miranda' WHERE id=8c08eac0-d899-11e7-91b3-01ec7689dc38 IF EXISTS;
2017-12-03 18:38:27 DEBUG PatientPersonalInfo:51 - Query: 
2017-12-03 18:38:27 DEBUG PatientPersonalInfo:52 - UPDATE PatientPersonalInfo SET firstName='Arnold' WHERE id=34f70070-d89c-11e7-9547-19bb0db3fda3 IF EXISTS;
2017-12-03 18:38:27 DEBUG PatientPersonalInfo:51 - Query: 
2017-12-03 18:38:27 DEBUG PatientPersonalInfo:52 - UPDATE PatientPersonalInfo SET firstName='Miranda' WHERE id=34f74e90-d89c-11e7-9547-19bb0db3fda3 IF EXISTS;
2017-12-03 20:38:17 DEBUG PatientPersonalInfo:51 - Query: 
2017-12-03 20:38:17 DEBUG PatientPersonalInfo:52 - UPDATE PatientPersonalInfo SET firstName='Arnold' WHERE id=f2dd3f90-d8ac-11e7-bc4d-49a60c4e979c IF EXISTS;
2017-12-03 20:38:17 DEBUG PatientPersonalInfo:51 - Query: 
2017-12-03 20:38:17 DEBUG PatientPersonalInfo:52 - UPDATE PatientPersonalInfo SET firstName='Miranda' WHERE id=f2dd66a0-d8ac-11e7-bc4d-49a60c4e979c IF EXISTS;
2017-12-05 18:42:21 DEBUG PatientPersonalInfo:51 - Query: 
2017-12-05 18:42:21 DEBUG PatientPersonalInfo:52 - UPDATE PatientPersonalInfo SET firstName='Arnold' WHERE id=155db3f0-da2f-11e7-8f8a-91336814bbcc IF EXISTS;
2017-12-05 18:42:21 DEBUG PatientPersonalInfo:51 - Query: 
2017-12-05 18:42:21 DEBUG PatientPersonalInfo:52 - UPDATE PatientPersonalInfo SET firstName='Miranda' WHERE id=155fafc0-da2f-11e7-8f8a-91336814bbcc IF EXISTS;
2017-12-05 18:42:53 DEBUG PatientPersonalInfo:51 - Query: 
2017-12-05 18:42:53 DEBUG PatientPersonalInfo:52 - UPDATE PatientPersonalInfo SET firstName='Arnold' WHERE id=289019e0-da2f-11e7-8671-9bb5b8dfa82e IF EXISTS;
2017-12-05 18:42:53 DEBUG PatientPersonalInfo:51 - Query: 
2017-12-05 18:42:53 DEBUG PatientPersonalInfo:52 - UPDATE PatientPersonalInfo SET firstName='Miranda' WHERE id=28908f10-da2f-11e7-8671-9bb5b8dfa82e IF EXISTS;
2017-12-05 19:38:33 DEBUG PatientPersonalInfo:51 - Query: 
2017-12-05 19:38:33 DEBUG PatientPersonalInfo:52 - UPDATE PatientPersonalInfo SET firstName='Arnold' WHERE id=ef2b2200-da36-11e7-93f1-5f267af6ccfe IF EXISTS;
2017-12-05 19:38:33 DEBUG PatientPersonalInfo:51 - Query: 
2017-12-05 19:38:33 DEBUG PatientPersonalInfo:52 - UPDATE PatientPersonalInfo SET firstName='Miranda' WHERE id=ef2b7020-da36-11e7-93f1-5f267af6ccfe IF EXISTS;
2017-12-07 16:00:44 DEBUG PatientPersonalInfo:51 - Query: 
2017-12-07 16:00:44 DEBUG PatientPersonalInfo:52 - UPDATE PatientPersonalInfo SET firstName='Arnold' WHERE id=d685ddb0-dbaa-11e7-8661-c7ff8f82237a IF EXISTS;
2017-12-07 16:00:44 DEBUG PatientPersonalInfo:51 - Query: 
2017-12-07 16:00:44 DEBUG PatientPersonalInfo:52 - UPDATE PatientPersonalInfo SET firstName='Miranda' WHERE id=d6884eb0-dbaa-11e7-8661-c7ff8f82237a IF EXISTS;
2017-12-07 16:30:05 DEBUG PatientPersonalInfo:51 - Query: 
2017-12-07 16:30:05 DEBUG PatientPersonalInfo:52 - UPDATE PatientPersonalInfo SET firstName='Arnold' WHERE id=f01a0900-dbae-11e7-8b6a-ada162de7f47 IF EXISTS;
2017-12-07 16:30:05 DEBUG PatientPersonalInfo:51 - Query: 
2017-12-07 16:30:05 DEBUG PatientPersonalInfo:52 - UPDATE PatientPersonalInfo SET firstName='Miranda' WHERE id=f01a5720-dbae-11e7-8b6a-ada162de7f47 IF EXISTS;
2017-12-07 17:09:01 DEBUG PatientPersonalInfo:51 - Query: 
2017-12-07 17:09:01 DEBUG PatientPersonalInfo:52 - UPDATE PatientPersonalInfo SET firstName='Arnold' WHERE id=60931e60-dbb4-11e7-95e6-7bc0276a4574 IF EXISTS;
2017-12-07 17:09:01 DEBUG PatientPersonalInfo:51 - Query: 
2017-12-07 17:09:01 DEBUG PatientPersonalInfo:52 - UPDATE PatientPersonalInfo SET firstName='Miranda' WHERE id=60936c80-dbb4-11e7-95e6-7bc0276a4574 IF EXISTS;
2017-12-07 17:16:47 DEBUG PatientPersonalInfo:51 - Query: 
2017-12-07 17:16:47 DEBUG PatientPersonalInfo:52 - UPDATE PatientPersonalInfo SET firstName='Arnold' WHERE id=76087a00-dbb5-11e7-868f-fd3022c64d16 IF EXISTS;
2017-12-07 17:16:47 DEBUG PatientPersonalInfo:51 - Query: 
2017-12-07 17:16:47 DEBUG PatientPersonalInfo:52 - UPDATE PatientPersonalInfo SET firstName='Miranda' WHERE id=7608c820-dbb5-11e7-868f-fd3022c64d16 IF EXISTS;
2017-12-07 17:27:57 DEBUG PatientPersonalInfo:54 - Query: 
2017-12-07 17:27:57 DEBUG PatientPersonalInfo:55 - UPDATE PatientPersonalInfo SET firstName='Arnold' WHERE id=05344820-dbb7-11e7-9aa3-9ff0cbf94923 IF EXISTS;
2017-12-07 17:27:57 DEBUG PatientPersonalInfo:54 - Query: 
2017-12-07 17:27:57 DEBUG PatientPersonalInfo:55 - UPDATE PatientPersonalInfo SET firstName='Miranda' WHERE id=05349640-dbb7-11e7-9aa3-9ff0cbf94923 IF EXISTS;
2017-12-07 17:30:09 DEBUG PatientPersonalInfo:54 - Query: 
2017-12-07 17:30:09 DEBUG PatientPersonalInfo:55 - UPDATE PatientPersonalInfo SET firstName='Arnold' WHERE id=54112f80-dbb7-11e7-89ce-89d47b5c07b5 IF EXISTS;
2017-12-07 17:30:09 DEBUG PatientPersonalInfo:54 - Query: 
2017-12-07 17:30:09 DEBUG PatientPersonalInfo:55 - UPDATE PatientPersonalInfo SET firstName='Miranda' WHERE id=54117da0-dbb7-11e7-89ce-89d47b5c07b5 IF EXISTS;
2017-12-07 17:32:46 DEBUG PatientPersonalInfo:54 - Query: 
2017-12-07 17:32:46 DEBUG PatientPersonalInfo:55 - UPDATE PatientPersonalInfo SET firstName='Arnold' WHERE id=b1eeba00-dbb7-11e7-8301-85abf18ccd28 IF EXISTS;
2017-12-07 17:32:46 DEBUG PatientPersonalInfo:54 - Query: 
2017-12-07 17:32:46 DEBUG PatientPersonalInfo:55 - UPDATE PatientPersonalInfo SET firstName='Miranda' WHERE id=b1ef0820-dbb7-11e7-8301-85abf18ccd28 IF EXISTS;
2017-12-07 17:36:54 DEBUG PatientPersonalInfo:54 - Query: 
2017-12-07 17:36:54 DEBUG PatientPersonalInfo:55 - UPDATE PatientPersonalInfo SET firstName='Arnold' WHERE id=453b2960-dbb8-11e7-8fbc-bfa1b99b83c2 IF EXISTS;
2017-12-07 17:36:54 DEBUG PatientPersonalInfo:54 - Query: 
2017-12-07 17:36:54 DEBUG PatientPersonalInfo:55 - UPDATE PatientPersonalInfo SET firstName='Miranda' WHERE id=453b7780-dbb8-11e7-8fbc-bfa1b99b83c2 IF EXISTS;
2017-12-07 17:40:04 DEBUG PatientPersonalInfo:54 - Query: 
2017-12-07 17:40:04 DEBUG PatientPersonalInfo:55 - UPDATE PatientPersonalInfo SET firstName='Arnold' WHERE id=b682a490-dbb8-11e7-bb28-3330f0ac2666 IF EXISTS;
2017-12-07 17:40:04 DEBUG PatientPersonalInfo:54 - Query: 
2017-12-07 17:40:04 DEBUG PatientPersonalInfo:55 - UPDATE PatientPersonalInfo SET firstName='Miranda' WHERE id=b682f2b0-dbb8-11e7-bb28-3330f0ac2666 IF EXISTS;
2017-12-07 17:43:01 DEBUG PatientPersonalInfo:54 - Query: 
2017-12-07 17:43:01 DEBUG PatientPersonalInfo:55 - UPDATE PatientPersonalInfo SET firstName='Arnold' WHERE id=200b65a0-dbb9-11e7-be29-016fb676c6a2 IF EXISTS;
2017-12-07 17:43:01 DEBUG PatientPersonalInfo:54 - Query: 
2017-12-07 17:43:01 DEBUG PatientPersonalInfo:55 - UPDATE PatientPersonalInfo SET firstName='Miranda' WHERE id=200bb3c0-dbb9-11e7-be29-016fb676c6a2 IF EXISTS;
2017-12-07 17:46:44 DEBUG PatientPersonalInfo:54 - Query: 
2017-12-07 17:46:44 DEBUG PatientPersonalInfo:55 - UPDATE PatientPersonalInfo SET firstName='Arnold' WHERE id=a54a6b80-dbb9-11e7-8307-fb8d00b7315d IF EXISTS;
2017-12-07 17:46:44 DEBUG PatientPersonalInfo:54 - Query: 
2017-12-07 17:46:44 DEBUG PatientPersonalInfo:55 - UPDATE PatientPersonalInfo SET firstName='Miranda' WHERE id=a54ab9a0-dbb9-11e7-8307-fb8d00b7315d IF EXISTS;
2017-12-07 17:47:21 DEBUG PatientPersonalInfo:54 - Query: 
2017-12-07 17:47:21 DEBUG PatientPersonalInfo:55 - UPDATE PatientPersonalInfo SET firstName='Arnold' WHERE id=bb393250-dbb9-11e7-bfb2-b34e316a95af IF EXISTS;
2017-12-07 17:47:21 DEBUG PatientPersonalInfo:54 - Query: 
2017-12-07 17:47:21 DEBUG PatientPersonalInfo:55 - UPDATE PatientPersonalInfo SET firstName='Miranda' WHERE id=bb395960-dbb9-11e7-bfb2-b34e316a95af IF EXISTS;
2017-12-07 17:55:56 DEBUG PatientPersonalInfo:57 - Query: 
2017-12-07 17:55:56 DEBUG PatientPersonalInfo:58 - UPDATE PatientPersonalInfo SET firstName='Arnold' WHERE id=ee4b9420-dbba-11e7-b6c7-6d7a1603e0d4 IF EXISTS;
2017-12-07 17:55:56 DEBUG PatientPersonalInfo:57 - Query: 
2017-12-07 17:55:56 DEBUG PatientPersonalInfo:58 - UPDATE PatientPersonalInfo SET firstName='Miranda' WHERE id=ee4be240-dbba-11e7-b6c7-6d7a1603e0d4 IF EXISTS;
2017-12-07 21:10:32 DEBUG PatientPersonalInfo:57 - Query: 
2017-12-07 21:10:32 DEBUG PatientPersonalInfo:58 - UPDATE PatientPersonalInfo SET firstName='Arnold' WHERE id=1d6bfc70-dbd6-11e7-8404-15433408cc98 IF EXISTS;
2017-12-07 21:10:32 DEBUG PatientPersonalInfo:57 - Query: 
2017-12-07 21:10:32 DEBUG PatientPersonalInfo:58 - UPDATE PatientPersonalInfo SET firstName='Miranda' WHERE id=1d6c71a0-dbd6-11e7-8404-15433408cc98 IF EXISTS;
2017-12-07 21:11:21 DEBUG PatientPersonalInfo:57 - Query: 
2017-12-07 21:11:21 DEBUG PatientPersonalInfo:58 - UPDATE PatientPersonalInfo SET firstName='Arnold' WHERE id=3b1e3850-dbd6-11e7-9f9a-5363a31462a0 IF EXISTS;
2017-12-07 21:11:21 DEBUG PatientPersonalInfo:57 - Query: 
2017-12-07 21:11:21 DEBUG PatientPersonalInfo:58 - UPDATE PatientPersonalInfo SET firstName='Miranda' WHERE id=3b1fbef0-dbd6-11e7-9f9a-5363a31462a0 IF EXISTS;
2017-12-07 21:12:16 DEBUG PatientPersonalInfo:57 - Query: 
2017-12-07 21:12:16 DEBUG PatientPersonalInfo:58 - UPDATE PatientPersonalInfo SET firstName='Arnold' WHERE id=5b97f8a0-dbd6-11e7-8654-051044094faf IF EXISTS;
2017-12-07 21:12:16 DEBUG PatientPersonalInfo:57 - Query: 
2017-12-07 21:12:16 DEBUG PatientPersonalInfo:58 - UPDATE PatientPersonalInfo SET firstName='Miranda' WHERE id=5b995830-dbd6-11e7-8654-051044094faf IF EXISTS;
2017-12-07 21:15:06 DEBUG PatientPersonalInfo:57 - Query: 
2017-12-07 21:15:06 DEBUG PatientPersonalInfo:58 - UPDATE PatientPersonalInfo SET firstName='Arnold' WHERE id=c1176670-dbd6-11e7-8313-dfeceea99411 IF EXISTS;
2017-12-07 21:15:06 DEBUG PatientPersonalInfo:57 - Query: 
2017-12-07 21:15:06 DEBUG PatientPersonalInfo:58 - UPDATE PatientPersonalInfo SET firstName='Miranda' WHERE id=c1189ef0-dbd6-11e7-8313-dfeceea99411 IF EXISTS;
2017-12-07 21:17:35 DEBUG PatientPersonalInfo:57 - Query: 
2017-12-07 21:17:35 DEBUG PatientPersonalInfo:58 - UPDATE PatientPersonalInfo SET firstName='Arnold' WHERE id=19fb4a40-dbd7-11e7-9a9e-ef793d0feffc IF EXISTS;
2017-12-07 21:17:35 DEBUG PatientPersonalInfo:57 - Query: 
2017-12-07 21:17:35 DEBUG PatientPersonalInfo:58 - UPDATE PatientPersonalInfo SET firstName='Miranda' WHERE id=19fca9d0-dbd7-11e7-9a9e-ef793d0feffc IF EXISTS;
2017-12-07 21:19:09 DEBUG PatientPersonalInfo:57 - Query: 
2017-12-07 21:19:09 DEBUG PatientPersonalInfo:58 - UPDATE PatientPersonalInfo SET firstName='Arnold' WHERE id=521503d0-dbd7-11e7-82f4-550c3d550c41 IF EXISTS;
2017-12-07 21:19:09 DEBUG PatientPersonalInfo:57 - Query: 
2017-12-07 21:19:09 DEBUG PatientPersonalInfo:58 - UPDATE PatientPersonalInfo SET firstName='Miranda' WHERE id=52168a70-dbd7-11e7-82f4-550c3d550c41 IF EXISTS;
2017-12-07 21:20:58 DEBUG PatientPersonalInfo:59 - Query: 
2017-12-07 21:20:58 DEBUG PatientPersonalInfo:60 - UPDATE PatientPersonalInfo SET firstName='Arnold' WHERE id=9281ef50-dbd7-11e7-ba5b-1d2a151b8d05 IF EXISTS;
2017-12-07 21:20:58 DEBUG PatientPersonalInfo:59 - Query: 
2017-12-07 21:20:58 DEBUG PatientPersonalInfo:60 - UPDATE PatientPersonalInfo SET firstName='Miranda' WHERE id=928375f0-dbd7-11e7-ba5b-1d2a151b8d05 IF EXISTS;
2017-12-07 21:43:35 DEBUG PatientPersonalInfo:60 - Query: 
2017-12-07 21:43:35 DEBUG PatientPersonalInfo:61 - UPDATE PatientPersonalInfo SET firstName='Arnold' WHERE id=bbc801d0-dbda-11e7-82b2-c76cda0a8eb9 IF EXISTS;
2017-12-07 21:43:35 DEBUG PatientPersonalInfo:60 - Query: 
2017-12-07 21:43:35 DEBUG PatientPersonalInfo:61 - UPDATE PatientPersonalInfo SET firstName='Miranda' WHERE id=bbc87700-dbda-11e7-82b2-c76cda0a8eb9 IF EXISTS;
2017-12-07 21:44:59 DEBUG PatientPersonalInfo:60 - Query: 
2017-12-07 21:44:59 DEBUG PatientPersonalInfo:61 - UPDATE PatientPersonalInfo SET firstName='Arnold' WHERE id=edf465e0-dbda-11e7-94fa-ad0deeda1e87 IF EXISTS;
2017-12-07 21:44:59 DEBUG PatientPersonalInfo:60 - Query: 
2017-12-07 21:44:59 DEBUG PatientPersonalInfo:61 - UPDATE PatientPersonalInfo SET firstName='Miranda' WHERE id=edf4b400-dbda-11e7-94fa-ad0deeda1e87 IF EXISTS;
2017-12-07 21:46:14 DEBUG PatientPersonalInfo:60 - Query: 
2017-12-07 21:46:14 DEBUG PatientPersonalInfo:61 - UPDATE PatientPersonalInfo SET firstName='Arnold' WHERE id=1a27b4a0-dbdb-11e7-b93d-f9685b078865 IF EXISTS;
2017-12-07 21:46:14 DEBUG PatientPersonalInfo:60 - Query: 
2017-12-07 21:46:14 DEBUG PatientPersonalInfo:61 - UPDATE PatientPersonalInfo SET firstName='Miranda' WHERE id=1a27dbb0-dbdb-11e7-b93d-f9685b078865 IF EXISTS;
2017-12-07 21:47:14 DEBUG PatientPersonalInfo:60 - Query: 
2017-12-07 21:47:14 DEBUG PatientPersonalInfo:61 - UPDATE PatientPersonalInfo SET firstName='Arnold' WHERE id=3df70890-dbdb-11e7-b4e5-3b2f7d1f7fc9 IF EXISTS;
2017-12-07 21:47:14 DEBUG PatientPersonalInfo:60 - Query: 
2017-12-07 21:47:14 DEBUG PatientPersonalInfo:61 - UPDATE PatientPersonalInfo SET firstName='Miranda' WHERE id=3df756b0-dbdb-11e7-b4e5-3b2f7d1f7fc9 IF EXISTS;
2017-12-07 22:00:25 DEBUG PatientPersonalInfo:60 - Query: 
2017-12-07 22:00:25 DEBUG PatientPersonalInfo:61 - UPDATE PatientPersonalInfo SET firstName='Arnold' WHERE id=15b5f0b0-dbdd-11e7-a08e-97077314c322 IF EXISTS;
2017-12-07 22:00:25 DEBUG PatientPersonalInfo:60 - Query: 
2017-12-07 22:00:25 DEBUG PatientPersonalInfo:61 - UPDATE PatientPersonalInfo SET firstName='Miranda' WHERE id=15b63ed0-dbdd-11e7-a08e-97077314c322 IF EXISTS;
2017-12-07 22:02:09 DEBUG PatientPersonalInfo:60 - Query: 
2017-12-07 22:02:09 DEBUG PatientPersonalInfo:61 - UPDATE PatientPersonalInfo SET firstName='Arnold' WHERE id=5380e120-dbdd-11e7-98ff-9523e17d1ea9 IF EXISTS;
2017-12-07 22:02:09 DEBUG PatientPersonalInfo:60 - Query: 
2017-12-07 22:02:09 DEBUG PatientPersonalInfo:61 - UPDATE PatientPersonalInfo SET firstName='Miranda' WHERE id=53812f40-dbdd-11e7-98ff-9523e17d1ea9 IF EXISTS;
